d:\digipen\gam 550\clone cant escape games\cantescapegames\output\x64\developer\cantengine.lib
d:\digipen\gam 550\clone cant escape games\cantescapegames\output\x64\developer\cantengine.exp
d:\digipen\gam 550\clone cant escape games\cantescapegames\output\x64\developer\cantengine.ipdb
d:\digipen\gam 550\clone cant escape games\cantescapegames\output\x64\developer\cantengine.iobj
d:\digipen\gam 550\clone cant escape games\cantescapegames\cantengine\output\x64\developer\vc141.pdb
d:\digipen\gam 550\clone cant escape games\cantescapegames\cantengine\output\x64\developer\uisystem.obj
d:\digipen\gam 550\clone cant escape games\cantescapegames\cantengine\output\x64\developer\uiobjectrenderinginstance.obj
d:\digipen\gam 550\clone cant escape games\cantescapegames\cantengine\output\x64\developer\apprendererinstance.obj
d:\digipen\gam 550\clone cant escape games\cantescapegames\cantengine\output\x64\developer\scriptingmanager.obj
d:\digipen\gam 550\clone cant escape games\cantescapegames\cantengine\output\x64\developer\gameobject.obj
d:\digipen\gam 550\clone cant escape games\cantescapegames\cantengine\output\x64\developer\factory.obj
d:\digipen\gam 550\clone cant escape games\cantescapegames\cantengine\output\x64\developer\uicomponent.obj
d:\digipen\gam 550\clone cant escape games\cantescapegames\cantengine\output\x64\developer\debugmanager.obj
d:\digipen\gam 550\clone cant escape games\cantescapegames\cantengine\output\x64\developer\triggercomponent.obj
d:\digipen\gam 550\clone cant escape games\cantescapegames\cantengine\output\x64\developer\testcomponent.obj
d:\digipen\gam 550\clone cant escape games\cantescapegames\cantengine\output\x64\developer\splinecurvescomponent.obj
d:\digipen\gam 550\clone cant escape games\cantescapegames\cantengine\output\x64\developer\skyboxirradiancecomponent.obj
d:\digipen\gam 550\clone cant escape games\cantescapegames\cantengine\output\x64\developer\rigidbodycomponent.obj
d:\digipen\gam 550\clone cant escape games\cantescapegames\cantengine\output\x64\developer\renderercomponent.obj
d:\digipen\gam 550\clone cant escape games\cantescapegames\cantengine\output\x64\developer\particleemittercomponent.obj
d:\digipen\gam 550\clone cant escape games\cantescapegames\cantengine\output\x64\developer\meshcomponent.obj
d:\digipen\gam 550\clone cant escape games\cantescapegames\cantengine\output\x64\developer\lightcomponent.obj
d:\digipen\gam 550\clone cant escape games\cantescapegames\cantengine\output\x64\developer\haloeffectcomponent.obj
d:\digipen\gam 550\clone cant escape games\cantescapegames\cantengine\output\x64\developer\followcurvespathcomponent.obj
d:\digipen\gam 550\clone cant escape games\cantescapegames\cantengine\output\x64\developer\customcomponent.obj
d:\digipen\gam 550\clone cant escape games\cantescapegames\cantengine\output\x64\developer\cameracomponent.obj
d:\digipen\gam 550\clone cant escape games\cantescapegames\cantengine\output\x64\developer\animationcomponent.obj
d:\digipen\gam 550\clone cant escape games\cantescapegames\cantengine\output\x64\developer\cantengine.obj
d:\digipen\gam 550\clone cant escape games\cantescapegames\cantengine\output\x64\developer\fbxloader.obj
d:\digipen\gam 550\clone cant escape games\cantescapegames\cantengine\output\x64\developer\animatorcontroller.obj
d:\digipen\gam 550\clone cant escape games\cantescapegames\cantengine\output\x64\developer\animation.obj
d:\digipen\gam 550\clone cant escape games\cantescapegames\cantengine\output\x64\developer\animmodel.obj
d:\digipen\gam 550\clone cant escape games\cantescapegames\cantengine\output\x64\developer\resourcemanager.obj
d:\digipen\gam 550\clone cant escape games\cantescapegames\cantengine\output\x64\developer\inputmanager.obj
d:\digipen\gam 550\clone cant escape games\cantescapegames\cantengine\output\x64\developer\gameobjectmanager.obj
d:\digipen\gam 550\clone cant escape games\cantescapegames\cantengine\output\x64\developer\eventmanager.obj
d:\digipen\gam 550\clone cant escape games\cantescapegames\cantengine\output\x64\developer\cameramanager.obj
d:\digipen\gam 550\clone cant escape games\cantescapegames\cantengine\output\x64\developer\audiomanager.obj
d:\digipen\gam 550\clone cant escape games\cantescapegames\cantengine\output\x64\developer\textrenderinginstance.obj
d:\digipen\gam 550\clone cant escape games\cantescapegames\cantengine\output\x64\developer\momentshadowmaprendering.obj
d:\digipen\gam 550\clone cant escape games\cantescapegames\cantengine\output\x64\developer\particlerendering.obj
d:\digipen\gam 550\clone cant escape games\cantescapegames\cantengine\output\x64\developer\modelloader.obj
d:\digipen\gam 550\clone cant escape games\cantescapegames\cantengine\output\x64\developer\deferredrenderinginstance.obj
d:\digipen\gam 550\clone cant escape games\cantescapegames\cantengine\output\x64\developer\deferredrendering.obj
d:\digipen\gam 550\clone cant escape games\cantescapegames\cantengine\output\x64\developer\debugrenderinginstance.obj
d:\digipen\gam 550\clone cant escape games\cantescapegames\cantengine\output\x64\developer\debugrendering.obj
d:\digipen\gam 550\clone cant escape games\cantescapegames\cantengine\output\x64\developer\apprenderer.obj
d:\digipen\gam 550\clone cant escape games\cantescapegames\cantengine\output\x64\developer\eventbus.obj
d:\digipen\gam 550\clone cant escape games\cantescapegames\cantengine\output\x64\developer\triggersystem.obj
d:\digipen\gam 550\clone cant escape games\cantescapegames\cantengine\output\x64\developer\testsystem.obj
d:\digipen\gam 550\clone cant escape games\cantescapegames\cantengine\output\x64\developer\rigidbodysystem.obj
d:\digipen\gam 550\clone cant escape games\cantescapegames\cantengine\output\x64\developer\renderingsystem.obj
d:\digipen\gam 550\clone cant escape games\cantescapegames\cantengine\output\x64\developer\animationsystem.obj
d:\digipen\gam 550\clone cant escape games\cantescapegames\cantengine\output\x64\developer\state.obj
d:\digipen\gam 550\clone cant escape games\cantescapegames\cantengine\output\x64\developer\helpers.obj
d:\digipen\gam 550\clone cant escape games\cantescapegames\cantengine\output\x64\developer\gjk.obj
d:\digipen\gam 550\clone cant escape games\cantescapegames\cantengine\output\x64\developer\collisionmanifold.obj
d:\digipen\gam 550\clone cant escape games\cantescapegames\cantengine\output\x64\developer\constraint.obj
d:\digipen\gam 550\clone cant escape games\cantescapegames\cantengine\output\x64\developer\systemmanager.obj
d:\digipen\gam 550\clone cant escape games\cantescapegames\cantengine\output\x64\developer\statemanager.obj
d:\digipen\gam 550\clone cant escape games\cantescapegames\cantengine\output\x64\developer\cantengine.pch
d:\digipen\gam 550\clone cant escape games\cantescapegames\cantengine\output\x64\developer\stdafx.obj
d:\digipen\gam 550\clone cant escape games\cantescapegames\cantengine\output\x64\developer\basecomponent.obj
d:\digipen\gam 550\clone cant escape games\cantescapegames\cantengine\output\x64\developer\cantdebug.obj
d:\digipen\gam 550\clone cant escape games\cantescapegames\cantengine\output\x64\developer\quaternion.obj
d:\digipen\gam 550\clone cant escape games\cantescapegames\cantengine\output\x64\developer\interpolation.obj
d:\digipen\gam 550\clone cant escape games\cantescapegames\cantengine\output\x64\developer\bone.obj
d:\digipen\gam 550\clone cant escape games\cantescapegames\cantengine\output\x64\developer\dxresourceloader.obj
d:\digipen\gam 550\clone cant escape games\cantescapegames\cantengine\output\x64\developer\d3d11_renderer.obj
d:\digipen\gam 550\clone cant escape games\cantescapegames\cantengine\output\x64\developer\camera.obj
d:\digipen\gam 550\clone cant escape games\cantescapegames\cantengine\output\x64\developer\buffer.obj
d:\digipen\gam 550\clone cant escape games\cantescapegames\cantengine\output\x64\developer\blendstate.obj
d:\digipen\gam 550\clone cant escape games\cantescapegames\cantengine\output\x64\developer\baseevent.obj
d:\digipen\gam 550\clone cant escape games\cantescapegames\cantengine\output\x64\developer\user.obj
d:\digipen\gam 550\clone cant escape games\cantescapegames\cantengine\output\x64\developer\directory.obj
d:\digipen\gam 550\clone cant escape games\cantescapegames\cantengine\output\x64\developer\transformcomponent.obj
d:\digipen\gam 550\clone cant escape games\cantescapegames\cantengine\output\x64\developer\haloeffect.obj
d:\digipen\gam 550\clone cant escape games\cantescapegames\cantengine\output\x64\developer\blurimagepass.obj
d:\digipen\gam 550\clone cant escape games\cantescapegames\cantengine\output\x64\developer\pipeline.obj
d:\digipen\gam 550\clone cant escape games\cantescapegames\cantengine\output\x64\developer\particlerenderinginstance.obj
d:\digipen\gam 550\clone cant escape games\cantescapegames\cantengine\output\x64\developer\model.obj
d:\digipen\gam 550\clone cant escape games\cantescapegames\cantengine\output\x64\developer\mesh.obj
d:\digipen\gam 550\clone cant escape games\cantescapegames\cantengine\output\x64\developer\material.obj
d:\digipen\gam 550\clone cant escape games\cantescapegames\cantengine\output\x64\developer\light.obj
d:\digipen\gam 550\clone cant escape games\cantescapegames\cantengine\output\x64\developer\iblfilterenvmappass.obj
d:\digipen\gam 550\clone cant escape games\cantescapegames\cantengine\output\x64\developer\equirectangulartoskyboxrender.obj
d:\digipen\gam 550\clone cant escape games\cantescapegames\cantengine\output\x64\developer\brdflookuptexturepass.obj
d:\digipen\gam 550\clone cant escape games\cantescapegames\cantengine\output\x64\developer\graphicssettings.obj
d:\digipen\gam 550\clone cant escape games\cantescapegames\cantengine\output\x64\developer\depthstate.obj
d:\digipen\gam 550\clone cant escape games\cantescapegames\cantengine\output\x64\developer\depthpassrendering.obj
d:\digipen\gam 550\clone cant escape games\cantescapegames\cantengine\output\x64\developer\framemanager.obj
d:\digipen\gam 550\clone cant escape games\cantescapegames\cantengine\output\x64\developer\mathutil.obj
d:\digipen\gam 550\clone cant escape games\cantescapegames\cantengine\output\x64\developer\uiobjectrendering.obj
d:\digipen\gam 550\clone cant escape games\cantescapegames\cantengine\output\x64\developer\texture.obj
d:\digipen\gam 550\clone cant escape games\cantescapegames\cantengine\output\x64\developer\textrendering.obj
d:\digipen\gam 550\clone cant escape games\cantescapegames\cantengine\output\x64\developer\shader.obj
d:\digipen\gam 550\clone cant escape games\cantescapegames\cantengine\output\x64\developer\sampler.obj
d:\digipen\gam 550\clone cant escape games\cantescapegames\cantengine\output\x64\developer\rendertarget.obj
d:\digipen\gam 550\clone cant escape games\cantescapegames\cantengine\output\x64\developer\rasterizerstate.obj
d:\digipen\gam 550\clone cant escape games\cantescapegames\cantengine\output\x64\developer\msaaresolvepassinstance.obj
d:\digipen\gam 550\clone cant escape games\cantescapegames\cantengine\output\x64\developer\msaaresolvepass.obj
d:\digipen\gam 550\clone cant escape games\cantescapegames\cantengine\output\x64\developer\modelsupportshape.obj
d:\digipen\gam 550\clone cant escape games\cantescapegames\cantengine\output\x64\developer\spatialpartitiondata.obj
d:\digipen\gam 550\clone cant escape games\cantescapegames\cantengine\output\x64\developer\queryresults.obj
d:\digipen\gam 550\clone cant escape games\cantescapegames\cantengine\output\x64\developer\dynamicaabbtree.obj
d:\digipen\gam 550\clone cant escape games\cantescapegames\cantengine\output\x64\developer\castresults.obj
d:\digipen\gam 550\clone cant escape games\cantescapegames\cantengine\output\x64\developer\physicsutils.obj
d:\digipen\gam 550\clone cant escape games\cantescapegames\cantengine\output\x64\developer\triangle.obj
d:\digipen\gam 550\clone cant escape games\cantescapegames\cantengine\output\x64\developer\sphere.obj
d:\digipen\gam 550\clone cant escape games\cantescapegames\cantengine\output\x64\developer\raycant.obj
d:\digipen\gam 550\clone cant escape games\cantescapegames\cantengine\output\x64\developer\intersection.obj
d:\digipen\gam 550\clone cant escape games\cantescapegames\cantengine\output\x64\developer\aabb.obj
d:\digipen\gam 550\clone cant escape games\cantescapegames\cantengine\output\x64\developer\collisiontable.obj
d:\digipen\gam 550\clone cant escape games\cantescapegames\cantengine\output\x64\developer\stackallocator.obj
d:\digipen\gam 550\clone cant escape games\cantescapegames\cantengine\output\x64\developer\cantmemory.obj
d:\digipen\gam 550\clone cant escape games\cantescapegames\cantengine\output\x64\developer\transformsystem.obj
d:\digipen\gam 550\clone cant escape games\cantescapegames\cantengine\output\x64\developer\splinecurvessystem.obj
d:\digipen\gam 550\clone cant escape games\cantescapegames\cantengine\output\x64\developer\skyboxirradiancesystem.obj
d:\digipen\gam 550\clone cant escape games\cantescapegames\cantengine\output\x64\developer\particleemittersystem.obj
d:\digipen\gam 550\clone cant escape games\cantescapegames\cantengine\output\x64\developer\lightsystem.obj
d:\digipen\gam 550\clone cant escape games\cantescapegames\cantengine\output\x64\developer\haloeffectsystem.obj
d:\digipen\gam 550\clone cant escape games\cantescapegames\cantengine\output\x64\developer\followcurvespathsystem.obj
d:\digipen\gam 550\clone cant escape games\cantescapegames\cantengine\output\x64\developer\customsystem.obj
d:\digipen\gam 550\clone cant escape games\cantescapegames\cantengine\output\x64\developer\camerasystem.obj
d:\digipen\gam 550\clone cant escape games\cantescapegames\cantengine\output\x64\developer\basesystem.obj
d:\digipen\gam 550\clone cant escape games\cantescapegames\cantengine\output\x64\developer\serialization.obj
d:\digipen\gam 550\clone cant escape games\cantescapegames\cantengine\output\x64\developer\supportshape.obj
d:\digipen\gam 550\clone cant escape games\cantescapegames\cantengine\output\x64\developer\obbsupportshape.obj
d:\digipen\gam 550\clone cant escape games\cantescapegames\cantengine\output\x64\developer\dllmain.obj
d:\digipen\gam 550\clone cant escape games\cantescapegames\output\x64\developer\cantengine.dll
d:\digipen\gam 550\clone cant escape games\cantescapegames\output\x64\developer\cantengine.pdb
d:\digipen\gam 550\clone cant escape games\cantescapegames\cantengine\output\x64\developer\cantengine.tlog\cantengine.write.1u.tlog
d:\digipen\gam 550\clone cant escape games\cantescapegames\cantengine\output\x64\developer\cantengine.tlog\cl.command.1.tlog
d:\digipen\gam 550\clone cant escape games\cantescapegames\cantengine\output\x64\developer\cantengine.tlog\cl.read.1.tlog
d:\digipen\gam 550\clone cant escape games\cantescapegames\cantengine\output\x64\developer\cantengine.tlog\cl.write.1.tlog
d:\digipen\gam 550\clone cant escape games\cantescapegames\cantengine\output\x64\developer\cantengine.tlog\link.command.1.tlog
d:\digipen\gam 550\clone cant escape games\cantescapegames\cantengine\output\x64\developer\cantengine.tlog\link.delete.1.tlog
d:\digipen\gam 550\clone cant escape games\cantescapegames\cantengine\output\x64\developer\cantengine.tlog\link.read.1.tlog
d:\digipen\gam 550\clone cant escape games\cantescapegames\cantengine\output\x64\developer\cantengine.tlog\link.write.1.tlog
