d:\digipen\gam 550\clone cant escape games\cantescapegames\output\x64\developer\cantdebug.lib
d:\digipen\gam 550\clone cant escape games\cantescapegames\output\x64\developer\cantdebug.exp
d:\digipen\gam 550\clone cant escape games\cantescapegames\output\x64\developer\cantdebug.ipdb
d:\digipen\gam 550\clone cant escape games\cantescapegames\output\x64\developer\cantdebug.iobj
d:\digipen\gam 550\clone cant escape games\cantescapegames\cantdebug\output\x64\developer\cantdebug.pch
d:\digipen\gam 550\clone cant escape games\cantescapegames\cantdebug\output\x64\developer\vc141.pdb
d:\digipen\gam 550\clone cant escape games\cantescapegames\cantdebug\output\x64\developer\cantdebug.obj
d:\digipen\gam 550\clone cant escape games\cantescapegames\cantdebug\output\x64\developer\stdafx.obj
d:\digipen\gam 550\clone cant escape games\cantescapegames\cantdebug\output\x64\developer\sliderfloatqueue.obj
d:\digipen\gam 550\clone cant escape games\cantescapegames\cantdebug\output\x64\developer\memoryprofiler.obj
d:\digipen\gam 550\clone cant escape games\cantescapegames\cantdebug\output\x64\developer\material.obj
d:\digipen\gam 550\clone cant escape games\cantescapegames\cantdebug\output\x64\developer\logger.obj
d:\digipen\gam 550\clone cant escape games\cantescapegames\cantdebug\output\x64\developer\inputqueue.obj
d:\digipen\gam 550\clone cant escape games\cantescapegames\cantdebug\output\x64\developer\editor.obj
d:\digipen\gam 550\clone cant escape games\cantescapegames\cantdebug\output\x64\developer\directory.obj
d:\digipen\gam 550\clone cant escape games\cantescapegames\cantdebug\output\x64\developer\dataqueue.obj
d:\digipen\gam 550\clone cant escape games\cantescapegames\cantdebug\output\x64\developer\checkboxqueue.obj
d:\digipen\gam 550\clone cant escape games\cantescapegames\cantdebug\output\x64\developer\main.obj
d:\digipen\gam 550\clone cant escape games\cantescapegames\cantdebug\output\x64\developer\imgui_widgets.obj
d:\digipen\gam 550\clone cant escape games\cantescapegames\cantdebug\output\x64\developer\imgui_stdlib.obj
d:\digipen\gam 550\clone cant escape games\cantescapegames\cantdebug\output\x64\developer\imgui_impl_win32.obj
d:\digipen\gam 550\clone cant escape games\cantescapegames\cantdebug\output\x64\developer\imgui_impl_sdl.obj
d:\digipen\gam 550\clone cant escape games\cantescapegames\cantdebug\output\x64\developer\imgui_impl_dx11.obj
d:\digipen\gam 550\clone cant escape games\cantescapegames\cantdebug\output\x64\developer\imgui_draw.obj
d:\digipen\gam 550\clone cant escape games\cantescapegames\cantdebug\output\x64\developer\imgui_demo.obj
d:\digipen\gam 550\clone cant escape games\cantescapegames\cantdebug\output\x64\developer\imgui.obj
d:\digipen\gam 550\clone cant escape games\cantescapegames\output\x64\developer\cantdebug.dll
d:\digipen\gam 550\clone cant escape games\cantescapegames\output\x64\developer\cantdebug.pdb
d:\digipen\gam 550\clone cant escape games\cantescapegames\\output\x64\developer\cantdebug.pdb
d:\digipen\gam 550\clone cant escape games\cantescapegames\\output\x64\developer\cantdebug.dll
d:\digipen\gam 550\clone cant escape games\cantescapegames\cantdebug\output\x64\developer\cantdebug.tlog\cantdebug.write.1u.tlog
d:\digipen\gam 550\clone cant escape games\cantescapegames\cantdebug\output\x64\developer\cantdebug.tlog\cl.command.1.tlog
d:\digipen\gam 550\clone cant escape games\cantescapegames\cantdebug\output\x64\developer\cantdebug.tlog\cl.read.1.tlog
d:\digipen\gam 550\clone cant escape games\cantescapegames\cantdebug\output\x64\developer\cantdebug.tlog\cl.write.1.tlog
d:\digipen\gam 550\clone cant escape games\cantescapegames\cantdebug\output\x64\developer\cantdebug.tlog\link.command.1.tlog
d:\digipen\gam 550\clone cant escape games\cantescapegames\cantdebug\output\x64\developer\cantdebug.tlog\link.delete.1.tlog
d:\digipen\gam 550\clone cant escape games\cantescapegames\cantdebug\output\x64\developer\cantdebug.tlog\link.read.1.tlog
d:\digipen\gam 550\clone cant escape games\cantescapegames\cantdebug\output\x64\developer\cantdebug.tlog\link.write.1.tlog
