d:\digipen\gam 550\clone cant escape games\cantescapegames\output\x64\debug\cantengine.lib
d:\digipen\gam 550\clone cant escape games\cantescapegames\output\x64\debug\cantengine.exp
d:\digipen\gam 550\clone cant escape games\cantescapegames\cantengine\output\x64\debug\vc141.pdb
d:\digipen\gam 550\clone cant escape games\cantescapegames\cantengine\output\x64\debug\vc141.idb
d:\digipen\gam 550\clone cant escape games\cantescapegames\cantengine\output\x64\debug\uisystem.obj
d:\digipen\gam 550\clone cant escape games\cantescapegames\cantengine\output\x64\debug\lightsystem.obj
d:\digipen\gam 550\clone cant escape games\cantescapegames\cantengine\output\x64\debug\scriptingmanager.obj
d:\digipen\gam 550\clone cant escape games\cantescapegames\cantengine\output\x64\debug\gameobject.obj
d:\digipen\gam 550\clone cant escape games\cantescapegames\cantengine\output\x64\debug\factory.obj
d:\digipen\gam 550\clone cant escape games\cantescapegames\cantengine\output\x64\debug\uicomponent.obj
d:\digipen\gam 550\clone cant escape games\cantescapegames\cantengine\output\x64\debug\lightcomponent.obj
d:\digipen\gam 550\clone cant escape games\cantescapegames\cantengine\output\x64\debug\debugmanager.obj
d:\digipen\gam 550\clone cant escape games\cantescapegames\cantengine\output\x64\debug\renderercomponent.obj
d:\digipen\gam 550\clone cant escape games\cantescapegames\cantengine\output\x64\debug\particleemittercomponent.obj
d:\digipen\gam 550\clone cant escape games\cantescapegames\cantengine\output\x64\debug\meshcomponent.obj
d:\digipen\gam 550\clone cant escape games\cantescapegames\cantengine\output\x64\debug\haloeffectcomponent.obj
d:\digipen\gam 550\clone cant escape games\cantescapegames\cantengine\output\x64\debug\followcurvespathcomponent.obj
d:\digipen\gam 550\clone cant escape games\cantescapegames\cantengine\output\x64\debug\customcomponent.obj
d:\digipen\gam 550\clone cant escape games\cantescapegames\cantengine\output\x64\debug\cameracomponent.obj
d:\digipen\gam 550\clone cant escape games\cantescapegames\cantengine\output\x64\debug\basecomponent.obj
d:\digipen\gam 550\clone cant escape games\cantescapegames\cantengine\output\x64\debug\animationcomponent.obj
d:\digipen\gam 550\clone cant escape games\cantescapegames\cantengine\output\x64\debug\cantengine.obj
d:\digipen\gam 550\clone cant escape games\cantescapegames\cantengine\output\x64\debug\cantdebug.obj
d:\digipen\gam 550\clone cant escape games\cantescapegames\cantengine\output\x64\debug\quaternion.obj
d:\digipen\gam 550\clone cant escape games\cantescapegames\cantengine\output\x64\debug\interpolation.obj
d:\digipen\gam 550\clone cant escape games\cantescapegames\cantengine\output\x64\debug\fbxloader.obj
d:\digipen\gam 550\clone cant escape games\cantescapegames\cantengine\output\x64\debug\bone.obj
d:\digipen\gam 550\clone cant escape games\cantescapegames\cantengine\output\x64\debug\animatorcontroller.obj
d:\digipen\gam 550\clone cant escape games\cantescapegames\cantengine\output\x64\debug\animation.obj
d:\digipen\gam 550\clone cant escape games\cantescapegames\cantengine\output\x64\debug\animmodel.obj
d:\digipen\gam 550\clone cant escape games\cantescapegames\cantengine\output\x64\debug\dxresourceloader.obj
d:\digipen\gam 550\clone cant escape games\cantescapegames\cantengine\output\x64\debug\d3d11_renderer.obj
d:\digipen\gam 550\clone cant escape games\cantescapegames\cantengine\output\x64\debug\camera.obj
d:\digipen\gam 550\clone cant escape games\cantescapegames\cantengine\output\x64\debug\buffer.obj
d:\digipen\gam 550\clone cant escape games\cantescapegames\cantengine\output\x64\debug\blendstate.obj
d:\digipen\gam 550\clone cant escape games\cantescapegames\cantengine\output\x64\debug\apprendererinstance.obj
d:\digipen\gam 550\clone cant escape games\cantescapegames\cantengine\output\x64\debug\apprenderer.obj
d:\digipen\gam 550\clone cant escape games\cantescapegames\cantengine\output\x64\debug\eventbus.obj
d:\digipen\gam 550\clone cant escape games\cantescapegames\cantengine\output\x64\debug\baseevent.obj
d:\digipen\gam 550\clone cant escape games\cantescapegames\cantengine\output\x64\debug\user.obj
d:\digipen\gam 550\clone cant escape games\cantescapegames\cantengine\output\x64\debug\directory.obj
d:\digipen\gam 550\clone cant escape games\cantescapegames\cantengine\output\x64\debug\triggercomponent.obj
d:\digipen\gam 550\clone cant escape games\cantescapegames\cantengine\output\x64\debug\transformcomponent.obj
d:\digipen\gam 550\clone cant escape games\cantescapegames\cantengine\output\x64\debug\testcomponent.obj
d:\digipen\gam 550\clone cant escape games\cantescapegames\cantengine\output\x64\debug\splinecurvescomponent.obj
d:\digipen\gam 550\clone cant escape games\cantescapegames\cantengine\output\x64\debug\skyboxirradiancecomponent.obj
d:\digipen\gam 550\clone cant escape games\cantescapegames\cantengine\output\x64\debug\rigidbodycomponent.obj
d:\digipen\gam 550\clone cant escape games\cantescapegames\cantengine\output\x64\debug\haloeffect.obj
d:\digipen\gam 550\clone cant escape games\cantescapegames\cantengine\output\x64\debug\blurimagepass.obj
d:\digipen\gam 550\clone cant escape games\cantescapegames\cantengine\output\x64\debug\pipeline.obj
d:\digipen\gam 550\clone cant escape games\cantescapegames\cantengine\output\x64\debug\particlerenderinginstance.obj
d:\digipen\gam 550\clone cant escape games\cantescapegames\cantengine\output\x64\debug\particlerendering.obj
d:\digipen\gam 550\clone cant escape games\cantescapegames\cantengine\output\x64\debug\modelloader.obj
d:\digipen\gam 550\clone cant escape games\cantescapegames\cantengine\output\x64\debug\model.obj
d:\digipen\gam 550\clone cant escape games\cantescapegames\cantengine\output\x64\debug\mesh.obj
d:\digipen\gam 550\clone cant escape games\cantescapegames\cantengine\output\x64\debug\material.obj
d:\digipen\gam 550\clone cant escape games\cantescapegames\cantengine\output\x64\debug\light.obj
d:\digipen\gam 550\clone cant escape games\cantescapegames\cantengine\output\x64\debug\iblfilterenvmappass.obj
d:\digipen\gam 550\clone cant escape games\cantescapegames\cantengine\output\x64\debug\equirectangulartoskyboxrender.obj
d:\digipen\gam 550\clone cant escape games\cantescapegames\cantengine\output\x64\debug\brdflookuptexturepass.obj
d:\digipen\gam 550\clone cant escape games\cantescapegames\cantengine\output\x64\debug\graphicssettings.obj
d:\digipen\gam 550\clone cant escape games\cantescapegames\cantengine\output\x64\debug\depthstate.obj
d:\digipen\gam 550\clone cant escape games\cantescapegames\cantengine\output\x64\debug\depthpassrendering.obj
d:\digipen\gam 550\clone cant escape games\cantescapegames\cantengine\output\x64\debug\deferredrenderinginstance.obj
d:\digipen\gam 550\clone cant escape games\cantescapegames\cantengine\output\x64\debug\deferredrendering.obj
d:\digipen\gam 550\clone cant escape games\cantescapegames\cantengine\output\x64\debug\debugrenderinginstance.obj
d:\digipen\gam 550\clone cant escape games\cantescapegames\cantengine\output\x64\debug\debugrendering.obj
d:\digipen\gam 550\clone cant escape games\cantescapegames\cantengine\output\x64\debug\resourcemanager.obj
d:\digipen\gam 550\clone cant escape games\cantescapegames\cantengine\output\x64\debug\inputmanager.obj
d:\digipen\gam 550\clone cant escape games\cantescapegames\cantengine\output\x64\debug\gameobjectmanager.obj
d:\digipen\gam 550\clone cant escape games\cantescapegames\cantengine\output\x64\debug\framemanager.obj
d:\digipen\gam 550\clone cant escape games\cantescapegames\cantengine\output\x64\debug\eventmanager.obj
d:\digipen\gam 550\clone cant escape games\cantescapegames\cantengine\output\x64\debug\cameramanager.obj
d:\digipen\gam 550\clone cant escape games\cantescapegames\cantengine\output\x64\debug\audiomanager.obj
d:\digipen\gam 550\clone cant escape games\cantescapegames\cantengine\output\x64\debug\mathutil.obj
d:\digipen\gam 550\clone cant escape games\cantescapegames\cantengine\output\x64\debug\uiobjectrenderinginstance.obj
d:\digipen\gam 550\clone cant escape games\cantescapegames\cantengine\output\x64\debug\uiobjectrendering.obj
d:\digipen\gam 550\clone cant escape games\cantescapegames\cantengine\output\x64\debug\texture.obj
d:\digipen\gam 550\clone cant escape games\cantescapegames\cantengine\output\x64\debug\textrenderinginstance.obj
d:\digipen\gam 550\clone cant escape games\cantescapegames\cantengine\output\x64\debug\textrendering.obj
d:\digipen\gam 550\clone cant escape games\cantescapegames\cantengine\output\x64\debug\momentshadowmaprendering.obj
d:\digipen\gam 550\clone cant escape games\cantescapegames\cantengine\output\x64\debug\shader.obj
d:\digipen\gam 550\clone cant escape games\cantescapegames\cantengine\output\x64\debug\sampler.obj
d:\digipen\gam 550\clone cant escape games\cantescapegames\cantengine\output\x64\debug\rendertarget.obj
d:\digipen\gam 550\clone cant escape games\cantescapegames\cantengine\output\x64\debug\rasterizerstate.obj
d:\digipen\gam 550\clone cant escape games\cantescapegames\cantengine\output\x64\debug\msaaresolvepassinstance.obj
d:\digipen\gam 550\clone cant escape games\cantescapegames\cantengine\output\x64\debug\msaaresolvepass.obj
d:\digipen\gam 550\clone cant escape games\cantescapegames\cantengine\output\x64\debug\modelsupportshape.obj
d:\digipen\gam 550\clone cant escape games\cantescapegames\cantengine\output\x64\debug\spatialpartitiondata.obj
d:\digipen\gam 550\clone cant escape games\cantescapegames\cantengine\output\x64\debug\queryresults.obj
d:\digipen\gam 550\clone cant escape games\cantescapegames\cantengine\output\x64\debug\dynamicaabbtree.obj
d:\digipen\gam 550\clone cant escape games\cantescapegames\cantengine\output\x64\debug\castresults.obj
d:\digipen\gam 550\clone cant escape games\cantescapegames\cantengine\output\x64\debug\physicsutils.obj
d:\digipen\gam 550\clone cant escape games\cantescapegames\cantengine\output\x64\debug\gjk.obj
d:\digipen\gam 550\clone cant escape games\cantescapegames\cantengine\output\x64\debug\collisionmanifold.obj
d:\digipen\gam 550\clone cant escape games\cantescapegames\cantengine\output\x64\debug\triangle.obj
d:\digipen\gam 550\clone cant escape games\cantescapegames\cantengine\output\x64\debug\sphere.obj
d:\digipen\gam 550\clone cant escape games\cantescapegames\cantengine\output\x64\debug\raycant.obj
d:\digipen\gam 550\clone cant escape games\cantescapegames\cantengine\output\x64\debug\intersection.obj
d:\digipen\gam 550\clone cant escape games\cantescapegames\cantengine\output\x64\debug\aabb.obj
d:\digipen\gam 550\clone cant escape games\cantescapegames\cantengine\output\x64\debug\constraint.obj
d:\digipen\gam 550\clone cant escape games\cantescapegames\cantengine\output\x64\debug\collisiontable.obj
d:\digipen\gam 550\clone cant escape games\cantescapegames\cantengine\output\x64\debug\stackallocator.obj
d:\digipen\gam 550\clone cant escape games\cantescapegames\cantengine\output\x64\debug\cantmemory.obj
d:\digipen\gam 550\clone cant escape games\cantescapegames\cantengine\output\x64\debug\systemmanager.obj
d:\digipen\gam 550\clone cant escape games\cantescapegames\cantengine\output\x64\debug\statemanager.obj
d:\digipen\gam 550\clone cant escape games\cantescapegames\cantengine\output\x64\debug\triggersystem.obj
d:\digipen\gam 550\clone cant escape games\cantescapegames\cantengine\output\x64\debug\transformsystem.obj
d:\digipen\gam 550\clone cant escape games\cantescapegames\cantengine\output\x64\debug\testsystem.obj
d:\digipen\gam 550\clone cant escape games\cantescapegames\cantengine\output\x64\debug\splinecurvessystem.obj
d:\digipen\gam 550\clone cant escape games\cantescapegames\cantengine\output\x64\debug\skyboxirradiancesystem.obj
d:\digipen\gam 550\clone cant escape games\cantescapegames\cantengine\output\x64\debug\rigidbodysystem.obj
d:\digipen\gam 550\clone cant escape games\cantescapegames\cantengine\output\x64\debug\renderingsystem.obj
d:\digipen\gam 550\clone cant escape games\cantescapegames\cantengine\output\x64\debug\particleemittersystem.obj
d:\digipen\gam 550\clone cant escape games\cantescapegames\cantengine\output\x64\debug\haloeffectsystem.obj
d:\digipen\gam 550\clone cant escape games\cantescapegames\cantengine\output\x64\debug\customsystem.obj
d:\digipen\gam 550\clone cant escape games\cantescapegames\cantengine\output\x64\debug\camerasystem.obj
d:\digipen\gam 550\clone cant escape games\cantescapegames\cantengine\output\x64\debug\basesystem.obj
d:\digipen\gam 550\clone cant escape games\cantescapegames\cantengine\output\x64\debug\animationsystem.obj
d:\digipen\gam 550\clone cant escape games\cantescapegames\cantengine\output\x64\debug\state.obj
d:\digipen\gam 550\clone cant escape games\cantescapegames\cantengine\output\x64\debug\serialization.obj
d:\digipen\gam 550\clone cant escape games\cantescapegames\cantengine\output\x64\debug\helpers.obj
d:\digipen\gam 550\clone cant escape games\cantescapegames\cantengine\output\x64\debug\supportshape.obj
d:\digipen\gam 550\clone cant escape games\cantescapegames\cantengine\output\x64\debug\obbsupportshape.obj
d:\digipen\gam 550\clone cant escape games\cantescapegames\cantengine\output\x64\debug\dllmain.obj
d:\digipen\gam 550\clone cant escape games\cantescapegames\cantengine\output\x64\debug\cantengine.pch
d:\digipen\gam 550\clone cant escape games\cantescapegames\cantengine\output\x64\debug\stdafx.obj
d:\digipen\gam 550\clone cant escape games\cantescapegames\cantengine\output\x64\debug\followcurvespathsystem.obj
d:\digipen\gam 550\clone cant escape games\cantescapegames\output\x64\debug\cantengine.dll
d:\digipen\gam 550\clone cant escape games\cantescapegames\output\x64\debug\cantengine.ilk
d:\digipen\gam 550\clone cant escape games\cantescapegames\output\x64\debug\cantengine.pdb
d:\digipen\gam 550\clone cant escape games\cantescapegames\cantengine\output\x64\debug\cantengine.tlog\cantengine.write.1u.tlog
d:\digipen\gam 550\clone cant escape games\cantescapegames\cantengine\output\x64\debug\cantengine.tlog\cl.command.1.tlog
d:\digipen\gam 550\clone cant escape games\cantescapegames\cantengine\output\x64\debug\cantengine.tlog\cl.read.1.tlog
d:\digipen\gam 550\clone cant escape games\cantescapegames\cantengine\output\x64\debug\cantengine.tlog\cl.write.1.tlog
d:\digipen\gam 550\clone cant escape games\cantescapegames\cantengine\output\x64\debug\cantengine.tlog\link.command.1.tlog
d:\digipen\gam 550\clone cant escape games\cantescapegames\cantengine\output\x64\debug\cantengine.tlog\link.read.1.tlog
d:\digipen\gam 550\clone cant escape games\cantescapegames\cantengine\output\x64\debug\cantengine.tlog\link.write.1.tlog
