d:\digipen\gam 550\clone cant escape games\cantescapegames\output\x64\debug\cantdebug.lib
d:\digipen\gam 550\clone cant escape games\cantescapegames\output\x64\debug\cantdebug.exp
d:\digipen\gam 550\clone cant escape games\cantescapegames\cantdebug\output\x64\debug\cantdebug.pch
d:\digipen\gam 550\clone cant escape games\cantescapegames\cantdebug\output\x64\debug\vc141.pdb
d:\digipen\gam 550\clone cant escape games\cantescapegames\cantdebug\output\x64\debug\vc141.idb
d:\digipen\gam 550\clone cant escape games\cantescapegames\cantdebug\output\x64\debug\cantdebug.obj
d:\digipen\gam 550\clone cant escape games\cantescapegames\cantdebug\output\x64\debug\stdafx.obj
d:\digipen\gam 550\clone cant escape games\cantescapegames\cantdebug\output\x64\debug\sliderfloatqueue.obj
d:\digipen\gam 550\clone cant escape games\cantescapegames\cantdebug\output\x64\debug\memoryprofiler.obj
d:\digipen\gam 550\clone cant escape games\cantescapegames\cantdebug\output\x64\debug\material.obj
d:\digipen\gam 550\clone cant escape games\cantescapegames\cantdebug\output\x64\debug\logger.obj
d:\digipen\gam 550\clone cant escape games\cantescapegames\cantdebug\output\x64\debug\inputqueue.obj
d:\digipen\gam 550\clone cant escape games\cantescapegames\cantdebug\output\x64\debug\editor.obj
d:\digipen\gam 550\clone cant escape games\cantescapegames\cantdebug\output\x64\debug\directory.obj
d:\digipen\gam 550\clone cant escape games\cantescapegames\cantdebug\output\x64\debug\dataqueue.obj
d:\digipen\gam 550\clone cant escape games\cantescapegames\cantdebug\output\x64\debug\checkboxqueue.obj
d:\digipen\gam 550\clone cant escape games\cantescapegames\cantdebug\output\x64\debug\main.obj
d:\digipen\gam 550\clone cant escape games\cantescapegames\cantdebug\output\x64\debug\imgui_widgets.obj
d:\digipen\gam 550\clone cant escape games\cantescapegames\cantdebug\output\x64\debug\imgui_stdlib.obj
d:\digipen\gam 550\clone cant escape games\cantescapegames\cantdebug\output\x64\debug\imgui_impl_win32.obj
d:\digipen\gam 550\clone cant escape games\cantescapegames\cantdebug\output\x64\debug\imgui_impl_sdl.obj
d:\digipen\gam 550\clone cant escape games\cantescapegames\cantdebug\output\x64\debug\imgui_impl_dx11.obj
d:\digipen\gam 550\clone cant escape games\cantescapegames\cantdebug\output\x64\debug\imgui_draw.obj
d:\digipen\gam 550\clone cant escape games\cantescapegames\cantdebug\output\x64\debug\imgui_demo.obj
d:\digipen\gam 550\clone cant escape games\cantescapegames\cantdebug\output\x64\debug\imgui.obj
d:\digipen\gam 550\clone cant escape games\cantescapegames\output\x64\debug\cantdebug.dll
d:\digipen\gam 550\clone cant escape games\cantescapegames\output\x64\debug\cantdebug.ilk
d:\digipen\gam 550\clone cant escape games\cantescapegames\output\x64\debug\cantdebug.pdb
d:\digipen\gam 550\clone cant escape games\cantescapegames\\output\x64\debug\cantdebug.pdb
d:\digipen\gam 550\clone cant escape games\cantescapegames\\output\x64\debug\cantdebug.dll
d:\digipen\gam 550\clone cant escape games\cantescapegames\\output\x64\debug\cantdebug.ilk
d:\digipen\gam 550\clone cant escape games\cantescapegames\cantdebug\output\x64\debug\cantdebug.tlog\cantdebug.write.1u.tlog
d:\digipen\gam 550\clone cant escape games\cantescapegames\cantdebug\output\x64\debug\cantdebug.tlog\cl.command.1.tlog
d:\digipen\gam 550\clone cant escape games\cantescapegames\cantdebug\output\x64\debug\cantdebug.tlog\cl.read.1.tlog
d:\digipen\gam 550\clone cant escape games\cantescapegames\cantdebug\output\x64\debug\cantdebug.tlog\cl.write.1.tlog
d:\digipen\gam 550\clone cant escape games\cantescapegames\cantdebug\output\x64\debug\cantdebug.tlog\link.command.1.tlog
d:\digipen\gam 550\clone cant escape games\cantescapegames\cantdebug\output\x64\debug\cantdebug.tlog\link.read.1.tlog
d:\digipen\gam 550\clone cant escape games\cantescapegames\cantdebug\output\x64\debug\cantdebug.tlog\link.write.1.tlog
